875305521
587153770
545332408
482380372
333923121
1392
33024
769791364
144571665
58719729
715147916
945834657
216568118
775914062
418381824
463953974
175428307
117440498
722830142
740
93847552
12544
335544024
461168562
7081984
192303552
9265152
285182830
353280
276823983
33669120
520093644
711269370
19267584
790567885
111916032
203882496
889416070
731095385
519252749
734265726
685076997
240934718
35136
813694119
431942820
592538892
6336
713010323
43991040
420760333
440064
14000
13440
58719025
170662629
385943036
978166529
387527154
322820437
738910546
865241322
42750726
454772639
19496960
926720
804866595
391307940
5952
620
201326280
419954688
972054006
32040220
590685705
520023233
765786817
704642508
656116092
949697180
592609375
8400
928748814
13360
484403385
173789227
511531958
537919488
959296284
227056357
294174718
526137314
191102976
57147392
64512
322719462
601041298
1847296
640
356999611
