749747110
117440034
48465137
616562687
793556632
449814744
937687497
347684708
784334834
550690116
903044226
875023456
47040
828433768
944980301
427806749
990380033
1993728
258421020
83228981
502557860
83328
319965477
9920
426147094
25165741
645922749
1544192
820665200
230477497
543162367
691227468
850507351
5504
158122381
58061041
162667618
629145590
337148108
603979767
223418958
2100
42762240
774631115
473387597
117704116
67104696
48909196
14221312
103680
129024
41721443
648
237497374
570425300
214760356
37056
336109728
814743549
339292646
223997337
109051831
515087738
18722501
333818216
691426597
1204224
243265931
86016
913230184
921408948
519886958
583065879
116394852
486538006
153334057
993320302
997257458
6304
866648064
517764923
511700587
54656
33984
4928
821591838
275035317
18923520
906493952
959030488
704642572
7028736
19899096
85568
205812198
717225984
184548378
18923520
788
314323183
